android/build/outputs/logs/manifest-merger-debug-report.txt
-- Merging decision tree log ---
manifest
ADDED from test\android\AndroidManifest.xml:2:1-30:12
INJECTED from test\android\AndroidManifest.xml:2:1-30:12
INJECTED from test\android\AndroidManifest.xml:2:1-30:12
INJECTED from test\android\AndroidManifest.xml:2:1-30:12
INJECTED from test\android\AndroidManifest.xml:2:1-30:12
INJECTED from test\android\AndroidManifest.xml:2:1-30:12
INJECTED from test\android\AndroidManifest.xml:2:1-30:12
	package
		ADDED from test\android\AndroidManifest.xml:3:5-37
		INJECTED from test\android\AndroidManifest.xml
		INJECTED from test\android\AndroidManifest.xml
	android:versionName
		ADDED from test\android\AndroidManifest.xml:5:5-30
		INJECTED from test\android\AndroidManifest.xml
		INJECTED from test\android\AndroidManifest.xml
	xmlns:android
		ADDED from test\android\AndroidManifest.xml:2:11-69
	android:versionCode
		ADDED from test\android\AndroidManifest.xml:4:5-28
		INJECTED from test\android\AndroidManifest.xml
		INJECTED from test\android\AndroidManifest.xml
uses-sdk
ADDED from test\android\AndroidManifest.xml:8:5-73
INJECTED from test\android\AndroidManifest.xml:8:5-73
INJECTED from test\android\AndroidManifest.xml:8:5-73
INJECTED from test\android\AndroidManifest.xml:8:5-73
INJECTED from test\android\AndroidManifest.xml:8:5-73
	android:targetSdkVersion
		ADDED from test\android\AndroidManifest.xml:8:41-70
		INJECTED from test\android\AndroidManifest.xml
		INJECTED from test\android\AndroidManifest.xml
	android:minSdkVersion
		ADDED from test\android\AndroidManifest.xml:8:15-40
		INJECTED from test\android\AndroidManifest.xml
		INJECTED from test\android\AndroidManifest.xml
application
ADDED from test\android\AndroidManifest.xml:11:5-28:19
	android:label
		ADDED from test\android\AndroidManifest.xml:16:9-41
	android:appCategory
		ADDED from test\android\AndroidManifest.xml:15:9-35
	android:icon
		ADDED from test\android\AndroidManifest.xml:13:9-45
	android:allowBackup
		ADDED from test\android\AndroidManifest.xml:12:9-35
	android:theme
		ADDED from test\android\AndroidManifest.xml:17:9-40
	android:isGame
		ADDED from test\android\AndroidManifest.xml:14:9-30
activity#com.example.flappybird.AndroidLauncher
ADDED from test\android\AndroidManifest.xml:18:9-27:20
	android:screenOrientation
		ADDED from test\android\AndroidManifest.xml:21:13-49
	android:label
		ADDED from test\android\AndroidManifest.xml:20:13-45
	android:configChanges
		ADDED from test\android\AndroidManifest.xml:22:13-107
	android:name
		ADDED from test\android\AndroidManifest.xml:19:13-66
intent-filter#action:name:android.intent.action.MAIN+category:name:android.intent.category.LAUNCHER
ADDED from test\android\AndroidManifest.xml:23:13-26:29
action#android.intent.action.MAIN
ADDED from test\android\AndroidManifest.xml:24:17-69
	android:name
		ADDED from test\android\AndroidManifest.xml:24:25-66
category#android.intent.category.LAUNCHER
ADDED from test\android\AndroidManifest.xml:25:17-77
	android:name
		ADDED from test\android\AndroidManifest.xml:25:27-74